<?xml version="1.0" encoding="UTF-8"?>
<!-- Generated by org.testng.reporters.JUnitReportReporter -->
<testsuite hostname="INNOSZPC01131" name="com.automatics.data.testScripts.SecondTC" tests="2" failures="2" timestamp="13 Feb 2017 09:48:18 GMT" time="0.000" errors="0">
  <testcase name="test" time="0.000" classname="com.automatics.data.testScripts.SecondTC">
    <failure type="AutoMaTics.InvalidInputException" message="HOST_IP Not present in Configuration">
      <![CDATA[AutoMaTics.InvalidInputException: HOST_IP Not present in Configuration
	at AutoMaTics.Helper.checkConfigParams(Utils.java:448)
	at AutoMaTics.Reporter.startExecution(Reporter.java:58)
	at AutoMaTics.Utils.startSuite(Utils.java:161)
	at Suite.beforeSuite.preSuite(beforeSuite.java:11)
	at sun.reflect.NativeMethodAccessorImpl.invoke0(Native Method)
	at sun.reflect.NativeMethodAccessorImpl.invoke(NativeMethodAccessorImpl.java:62)
	at sun.reflect.DelegatingMethodAccessorImpl.invoke(DelegatingMethodAccessorImpl.java:43)
	at java.lang.reflect.Method.invoke(Method.java:497)
	at org.testng.internal.MethodInvocationHelper.invokeMethod(MethodInvocationHelper.java:84)
	at org.testng.internal.Invoker.invokeConfigurationMethod(Invoker.java:564)
	at org.testng.internal.Invoker.invokeConfigurations(Invoker.java:213)
	at org.testng.internal.Invoker.invokeConfigurations(Invoker.java:138)
	at org.testng.SuiteRunner.privateRun(SuiteRunner.java:277)
	at org.testng.SuiteRunner.run(SuiteRunner.java:240)
	at org.testng.SuiteRunnerWorker.runSuite(SuiteRunnerWorker.java:52)
	at org.testng.SuiteRunnerWorker.run(SuiteRunnerWorker.java:86)
	at org.testng.TestNG.runSuitesSequentially(TestNG.java:1224)
	at org.testng.TestNG.runSuitesLocally(TestNG.java:1149)
	at org.testng.TestNG.run(TestNG.java:1057)
	at com.automatics.packages.check.Check.main(Check.java:27)
]]>
    </failure>
  </testcase> <!-- test -->
  <testcase name="test" time="0.000" classname="com.automatics.data.testScripts.SecondTC">
    <failure type="AutoMaTics.InvalidInputException" message="HOST_IP Not present in Configuration">
      <![CDATA[AutoMaTics.InvalidInputException: HOST_IP Not present in Configuration
	at AutoMaTics.Helper.checkConfigParams(Utils.java:448)
	at AutoMaTics.Reporter.startExecution(Reporter.java:58)
	at AutoMaTics.Utils.startSuite(Utils.java:161)
	at Suite.beforeSuite.preSuite(beforeSuite.java:11)
	at sun.reflect.NativeMethodAccessorImpl.invoke0(Native Method)
	at sun.reflect.NativeMethodAccessorImpl.invoke(NativeMethodAccessorImpl.java:62)
	at sun.reflect.DelegatingMethodAccessorImpl.invoke(DelegatingMethodAccessorImpl.java:43)
	at java.lang.reflect.Method.invoke(Method.java:497)
	at org.testng.internal.MethodInvocationHelper.invokeMethod(MethodInvocationHelper.java:84)
	at org.testng.internal.Invoker.invokeConfigurationMethod(Invoker.java:564)
	at org.testng.internal.Invoker.invokeConfigurations(Invoker.java:213)
	at org.testng.internal.Invoker.invokeConfigurations(Invoker.java:138)
	at org.testng.SuiteRunner.privateRun(SuiteRunner.java:277)
	at org.testng.SuiteRunner.run(SuiteRunner.java:240)
	at org.testng.SuiteRunnerWorker.runSuite(SuiteRunnerWorker.java:52)
	at org.testng.SuiteRunnerWorker.run(SuiteRunnerWorker.java:86)
	at org.testng.TestNG.runSuitesSequentially(TestNG.java:1224)
	at org.testng.TestNG.runSuitesLocally(TestNG.java:1149)
	at org.testng.TestNG.run(TestNG.java:1057)
	at com.automatics.packages.check.Check.main(Check.java:27)
]]>
    </failure>
  </testcase> <!-- test -->
</testsuite> <!-- com.automatics.data.testScripts.SecondTC -->
